<?xml version="1.0" encoding="UTF-8"?>
<testng-results skipped="1" failed="0" ignored="0" total="1" passed="0">
  <reporter-output>
  </reporter-output>
  <suite name="Default suite" duration-ms="5977" started-at="2020-05-22T13:07:39Z" finished-at="2020-05-22T13:07:45Z">
    <groups>
    </groups>
    <test name="Default test" duration-ms="5977" started-at="2020-05-22T13:07:39Z" finished-at="2020-05-22T13:07:45Z">
      <class name="com.mercury.tours.Mouse_hover_Action">
        <test-method status="FAIL" signature="LaunchBrowser()[pri:0, instance:com.mercury.tours.Mouse_hover_Action@5b275dab]" name="LaunchBrowser" is-config="true" duration-ms="5906" started-at="2020-05-22T18:37:39Z" finished-at="2020-05-22T18:37:45Z">
          <exception class="org.openqa.selenium.SessionNotCreatedException">
            <message>
              <![CDATA[session not created: This version of ChromeDriver only supports Chrome version 80
Build info: version: '3.141.59', revision: 'e82be7d358', time: '2018-11-14T08:17:03'
System info: host: 'IDEA-PC', ip: '192.168.0.7', os.name: 'Windows 8.1', os.arch: 'amd64', os.version: '6.3', java.version: '1.8.0_221'
Driver info: driver.version: ChromeDriver
remote stacktrace: Backtrace:
	Ordinal0 [0x00C90C83+1707139]
	Ordinal0 [0x00BF68F1+1075441]
	Ordinal0 [0x00B6DFC9+516041]
	Ordinal0 [0x00B00554+66900]
	Ordinal0 [0x00AFCCE2+52450]
	Ordinal0 [0x00B1BFD7+180183]
	Ordinal0 [0x00B1BDDD+179677]
	Ordinal0 [0x00B19D4B+171339]
	Ordinal0 [0x00B01D4A+73034]
	Ordinal0 [0x00B02DC0+77248]
	Ordinal0 [0x00B02D59+77145]
	Ordinal0 [0x00C0BB67+1162087]
	GetHandleVerifier [0x00D2A966+508998]
	GetHandleVerifier [0x00D2A6A4+508292]
	GetHandleVerifier [0x00D3F7B7+594583]
	GetHandleVerifier [0x00D2B1D6+511158]
	Ordinal0 [0x00C0402C+1130540]
	Ordinal0 [0x00C0D4CB+1168587]
	Ordinal0 [0x00C0D633+1168947]
	Ordinal0 [0x00C25B35+1268533]
	BaseThreadInitThunk [0x76BC6A14+36]
	RtlInitializeExceptionChain [0x775AAB4F+143]
	RtlInitializeExceptionChain [0x775AAB1A+90]
]]>
            </message>
            <full-stacktrace>
              <![CDATA[org.openqa.selenium.SessionNotCreatedException: session not created: This version of ChromeDriver only supports Chrome version 80
Build info: version: '3.141.59', revision: 'e82be7d358', time: '2018-11-14T08:17:03'
System info: host: 'IDEA-PC', ip: '192.168.0.7', os.name: 'Windows 8.1', os.arch: 'amd64', os.version: '6.3', java.version: '1.8.0_221'
Driver info: driver.version: ChromeDriver
remote stacktrace: Backtrace:
	Ordinal0 [0x00C90C83+1707139]
	Ordinal0 [0x00BF68F1+1075441]
	Ordinal0 [0x00B6DFC9+516041]
	Ordinal0 [0x00B00554+66900]
	Ordinal0 [0x00AFCCE2+52450]
	Ordinal0 [0x00B1BFD7+180183]
	Ordinal0 [0x00B1BDDD+179677]
	Ordinal0 [0x00B19D4B+171339]
	Ordinal0 [0x00B01D4A+73034]
	Ordinal0 [0x00B02DC0+77248]
	Ordinal0 [0x00B02D59+77145]
	Ordinal0 [0x00C0BB67+1162087]
	GetHandleVerifier [0x00D2A966+508998]
	GetHandleVerifier [0x00D2A6A4+508292]
	GetHandleVerifier [0x00D3F7B7+594583]
	GetHandleVerifier [0x00D2B1D6+511158]
	Ordinal0 [0x00C0402C+1130540]
	Ordinal0 [0x00C0D4CB+1168587]
	Ordinal0 [0x00C0D633+1168947]
	Ordinal0 [0x00C25B35+1268533]
	BaseThreadInitThunk [0x76BC6A14+36]
	RtlInitializeExceptionChain [0x775AAB4F+143]
	RtlInitializeExceptionChain [0x775AAB1A+90]

	at sun.reflect.NativeConstructorAccessorImpl.newInstance0(Native Method)
	at sun.reflect.NativeConstructorAccessorImpl.newInstance(Unknown Source)
	at sun.reflect.DelegatingConstructorAccessorImpl.newInstance(Unknown Source)
	at java.lang.reflect.Constructor.newInstance(Unknown Source)
	at org.openqa.selenium.remote.W3CHandshakeResponse.lambda$errorHandler$0(W3CHandshakeResponse.java:62)
	at org.openqa.selenium.remote.HandshakeResponse.lambda$getResponseFunction$0(HandshakeResponse.java:30)
	at org.openqa.selenium.remote.ProtocolHandshake.lambda$createSession$0(ProtocolHandshake.java:126)
	at java.util.stream.ReferencePipeline$3$1.accept(Unknown Source)
	at java.util.Spliterators$ArraySpliterator.tryAdvance(Unknown Source)
	at java.util.stream.ReferencePipeline.forEachWithCancel(Unknown Source)
	at java.util.stream.AbstractPipeline.copyIntoWithCancel(Unknown Source)
	at java.util.stream.AbstractPipeline.copyInto(Unknown Source)
	at java.util.stream.AbstractPipeline.wrapAndCopyInto(Unknown Source)
	at java.util.stream.FindOps$FindOp.evaluateSequential(Unknown Source)
	at java.util.stream.AbstractPipeline.evaluate(Unknown Source)
	at java.util.stream.ReferencePipeline.findFirst(Unknown Source)
	at org.openqa.selenium.remote.ProtocolHandshake.createSession(ProtocolHandshake.java:128)
	at org.openqa.selenium.remote.ProtocolHandshake.createSession(ProtocolHandshake.java:74)
	at org.openqa.selenium.remote.HttpCommandExecutor.execute(HttpCommandExecutor.java:136)
	at org.openqa.selenium.remote.service.DriverCommandExecutor.execute(DriverCommandExecutor.java:83)
	at org.openqa.selenium.remote.RemoteWebDriver.execute(RemoteWebDriver.java:552)
	at org.openqa.selenium.remote.RemoteWebDriver.startSession(RemoteWebDriver.java:213)
	at org.openqa.selenium.remote.RemoteWebDriver.<init>(RemoteWebDriver.java:131)
	at org.openqa.selenium.chrome.ChromeDriver.<init>(ChromeDriver.java:181)
	at org.openqa.selenium.chrome.ChromeDriver.<init>(ChromeDriver.java:168)
	at org.openqa.selenium.chrome.ChromeDriver.<init>(ChromeDriver.java:123)
	at com.mercury.tours.Mouse_hover_Action.LaunchBrowser(Mouse_hover_Action.java:22)
	at sun.reflect.NativeMethodAccessorImpl.invoke0(Native Method)
	at sun.reflect.NativeMethodAccessorImpl.invoke(Unknown Source)
	at sun.reflect.DelegatingMethodAccessorImpl.invoke(Unknown Source)
	at java.lang.reflect.Method.invoke(Unknown Source)
	at org.testng.internal.MethodInvocationHelper.invokeMethod(MethodInvocationHelper.java:108)
	at org.testng.internal.Invoker.invokeConfigurationMethod(Invoker.java:523)
	at org.testng.internal.Invoker.invokeConfigurations(Invoker.java:224)
	at org.testng.internal.Invoker.invokeConfigurations(Invoker.java:146)
	at org.testng.TestRunner.beforeRun(TestRunner.java:626)
	at org.testng.TestRunner.run(TestRunner.java:594)
	at org.testng.SuiteRunner.runTest(SuiteRunner.java:380)
	at org.testng.SuiteRunner.runSequentially(SuiteRunner.java:375)
	at org.testng.SuiteRunner.privateRun(SuiteRunner.java:340)
	at org.testng.SuiteRunner.run(SuiteRunner.java:289)
	at org.testng.SuiteRunnerWorker.runSuite(SuiteRunnerWorker.java:52)
	at org.testng.SuiteRunnerWorker.run(SuiteRunnerWorker.java:86)
	at org.testng.TestNG.runSuitesSequentially(TestNG.java:1301)
	at org.testng.TestNG.runSuitesLocally(TestNG.java:1226)
	at org.testng.TestNG.runSuites(TestNG.java:1144)
	at org.testng.TestNG.run(TestNG.java:1115)
	at org.testng.remote.AbstractRemoteTestNG.run(AbstractRemoteTestNG.java:132)
	at org.testng.remote.RemoteTestNG.initAndRun(RemoteTestNG.java:230)
	at org.testng.remote.RemoteTestNG.main(RemoteTestNG.java:76)
]]>
            </full-stacktrace>
          </exception> <!-- org.openqa.selenium.SessionNotCreatedException -->
          <reporter-output>
          </reporter-output>
        </test-method> <!-- LaunchBrowser -->
        <test-method status="SKIP" signature="mouse_hover_action()[pri:0, instance:com.mercury.tours.Mouse_hover_Action@5b275dab]" name="mouse_hover_action" duration-ms="1" started-at="2020-05-22T18:37:45Z" finished-at="2020-05-22T18:37:45Z">
          <exception class="org.openqa.selenium.SessionNotCreatedException">
            <message>
              <![CDATA[session not created: This version of ChromeDriver only supports Chrome version 80
Build info: version: '3.141.59', revision: 'e82be7d358', time: '2018-11-14T08:17:03'
System info: host: 'IDEA-PC', ip: '192.168.0.7', os.name: 'Windows 8.1', os.arch: 'amd64', os.version: '6.3', java.version: '1.8.0_221'
Driver info: driver.version: ChromeDriver
remote stacktrace: Backtrace:
	Ordinal0 [0x00C90C83+1707139]
	Ordinal0 [0x00BF68F1+1075441]
	Ordinal0 [0x00B6DFC9+516041]
	Ordinal0 [0x00B00554+66900]
	Ordinal0 [0x00AFCCE2+52450]
	Ordinal0 [0x00B1BFD7+180183]
	Ordinal0 [0x00B1BDDD+179677]
	Ordinal0 [0x00B19D4B+171339]
	Ordinal0 [0x00B01D4A+73034]
	Ordinal0 [0x00B02DC0+77248]
	Ordinal0 [0x00B02D59+77145]
	Ordinal0 [0x00C0BB67+1162087]
	GetHandleVerifier [0x00D2A966+508998]
	GetHandleVerifier [0x00D2A6A4+508292]
	GetHandleVerifier [0x00D3F7B7+594583]
	GetHandleVerifier [0x00D2B1D6+511158]
	Ordinal0 [0x00C0402C+1130540]
	Ordinal0 [0x00C0D4CB+1168587]
	Ordinal0 [0x00C0D633+1168947]
	Ordinal0 [0x00C25B35+1268533]
	BaseThreadInitThunk [0x76BC6A14+36]
	RtlInitializeExceptionChain [0x775AAB4F+143]
	RtlInitializeExceptionChain [0x775AAB1A+90]
]]>
            </message>
            <full-stacktrace>
              <![CDATA[org.openqa.selenium.SessionNotCreatedException: session not created: This version of ChromeDriver only supports Chrome version 80
Build info: version: '3.141.59', revision: 'e82be7d358', time: '2018-11-14T08:17:03'
System info: host: 'IDEA-PC', ip: '192.168.0.7', os.name: 'Windows 8.1', os.arch: 'amd64', os.version: '6.3', java.version: '1.8.0_221'
Driver info: driver.version: ChromeDriver
remote stacktrace: Backtrace:
	Ordinal0 [0x00C90C83+1707139]
	Ordinal0 [0x00BF68F1+1075441]
	Ordinal0 [0x00B6DFC9+516041]
	Ordinal0 [0x00B00554+66900]
	Ordinal0 [0x00AFCCE2+52450]
	Ordinal0 [0x00B1BFD7+180183]
	Ordinal0 [0x00B1BDDD+179677]
	Ordinal0 [0x00B19D4B+171339]
	Ordinal0 [0x00B01D4A+73034]
	Ordinal0 [0x00B02DC0+77248]
	Ordinal0 [0x00B02D59+77145]
	Ordinal0 [0x00C0BB67+1162087]
	GetHandleVerifier [0x00D2A966+508998]
	GetHandleVerifier [0x00D2A6A4+508292]
	GetHandleVerifier [0x00D3F7B7+594583]
	GetHandleVerifier [0x00D2B1D6+511158]
	Ordinal0 [0x00C0402C+1130540]
	Ordinal0 [0x00C0D4CB+1168587]
	Ordinal0 [0x00C0D633+1168947]
	Ordinal0 [0x00C25B35+1268533]
	BaseThreadInitThunk [0x76BC6A14+36]
	RtlInitializeExceptionChain [0x775AAB4F+143]
	RtlInitializeExceptionChain [0x775AAB1A+90]

	at sun.reflect.NativeConstructorAccessorImpl.newInstance0(Native Method)
	at sun.reflect.NativeConstructorAccessorImpl.newInstance(Unknown Source)
	at sun.reflect.DelegatingConstructorAccessorImpl.newInstance(Unknown Source)
	at java.lang.reflect.Constructor.newInstance(Unknown Source)
	at org.openqa.selenium.remote.W3CHandshakeResponse.lambda$errorHandler$0(W3CHandshakeResponse.java:62)
	at org.openqa.selenium.remote.HandshakeResponse.lambda$getResponseFunction$0(HandshakeResponse.java:30)
	at org.openqa.selenium.remote.ProtocolHandshake.lambda$createSession$0(ProtocolHandshake.java:126)
	at java.util.stream.ReferencePipeline$3$1.accept(Unknown Source)
	at java.util.Spliterators$ArraySpliterator.tryAdvance(Unknown Source)
	at java.util.stream.ReferencePipeline.forEachWithCancel(Unknown Source)
	at java.util.stream.AbstractPipeline.copyIntoWithCancel(Unknown Source)
	at java.util.stream.AbstractPipeline.copyInto(Unknown Source)
	at java.util.stream.AbstractPipeline.wrapAndCopyInto(Unknown Source)
	at java.util.stream.FindOps$FindOp.evaluateSequential(Unknown Source)
	at java.util.stream.AbstractPipeline.evaluate(Unknown Source)
	at java.util.stream.ReferencePipeline.findFirst(Unknown Source)
	at org.openqa.selenium.remote.ProtocolHandshake.createSession(ProtocolHandshake.java:128)
	at org.openqa.selenium.remote.ProtocolHandshake.createSession(ProtocolHandshake.java:74)
	at org.openqa.selenium.remote.HttpCommandExecutor.execute(HttpCommandExecutor.java:136)
	at org.openqa.selenium.remote.service.DriverCommandExecutor.execute(DriverCommandExecutor.java:83)
	at org.openqa.selenium.remote.RemoteWebDriver.execute(RemoteWebDriver.java:552)
	at org.openqa.selenium.remote.RemoteWebDriver.startSession(RemoteWebDriver.java:213)
	at org.openqa.selenium.remote.RemoteWebDriver.<init>(RemoteWebDriver.java:131)
	at org.openqa.selenium.chrome.ChromeDriver.<init>(ChromeDriver.java:181)
	at org.openqa.selenium.chrome.ChromeDriver.<init>(ChromeDriver.java:168)
	at org.openqa.selenium.chrome.ChromeDriver.<init>(ChromeDriver.java:123)
	at com.mercury.tours.Mouse_hover_Action.LaunchBrowser(Mouse_hover_Action.java:22)
	at sun.reflect.NativeMethodAccessorImpl.invoke0(Native Method)
	at sun.reflect.NativeMethodAccessorImpl.invoke(Unknown Source)
	at sun.reflect.DelegatingMethodAccessorImpl.invoke(Unknown Source)
	at java.lang.reflect.Method.invoke(Unknown Source)
	at org.testng.internal.MethodInvocationHelper.invokeMethod(MethodInvocationHelper.java:108)
	at org.testng.internal.Invoker.invokeConfigurationMethod(Invoker.java:523)
	at org.testng.internal.Invoker.invokeConfigurations(Invoker.java:224)
	at org.testng.internal.Invoker.invokeConfigurations(Invoker.java:146)
	at org.testng.TestRunner.beforeRun(TestRunner.java:626)
	at org.testng.TestRunner.run(TestRunner.java:594)
	at org.testng.SuiteRunner.runTest(SuiteRunner.java:380)
	at org.testng.SuiteRunner.runSequentially(SuiteRunner.java:375)
	at org.testng.SuiteRunner.privateRun(SuiteRunner.java:340)
	at org.testng.SuiteRunner.run(SuiteRunner.java:289)
	at org.testng.SuiteRunnerWorker.runSuite(SuiteRunnerWorker.java:52)
	at org.testng.SuiteRunnerWorker.run(SuiteRunnerWorker.java:86)
	at org.testng.TestNG.runSuitesSequentially(TestNG.java:1301)
	at org.testng.TestNG.runSuitesLocally(TestNG.java:1226)
	at org.testng.TestNG.runSuites(TestNG.java:1144)
	at org.testng.TestNG.run(TestNG.java:1115)
	at org.testng.remote.AbstractRemoteTestNG.run(AbstractRemoteTestNG.java:132)
	at org.testng.remote.RemoteTestNG.initAndRun(RemoteTestNG.java:230)
	at org.testng.remote.RemoteTestNG.main(RemoteTestNG.java:76)
]]>
            </full-stacktrace>
          </exception> <!-- org.openqa.selenium.SessionNotCreatedException -->
          <reporter-output>
          </reporter-output>
        </test-method> <!-- mouse_hover_action -->
      </class> <!-- com.mercury.tours.Mouse_hover_Action -->
    </test> <!-- Default test -->
  </suite> <!-- Default suite -->
</testng-results>
