<?xml version="1.0" encoding="UTF-8"?>
<!-- Generated by org.testng.reporters.JUnitXMLReporter -->
<testsuite hostname="DESKTOP-F8THS86" ignored="0" name="Chromeest" tests="3" failures="0" timestamp="25 Dec 2019 10:28:04 GMT" time="163.314" errors="0">
  <testcase name="Login" time="41.974" classname="com.mercury.tours.Cross_Browser_ex"/>
  <testcase name="Login" time="59.488" classname="com.mercury.tours.Cross_Browser_ex"/>
  <testcase name="Login" time="57.678" classname="com.mercury.tours.Cross_Browser_ex"/>
</testsuite> <!-- Chromeest -->
