<?xml version="1.0" encoding="UTF-8"?>
<!-- Generated by org.testng.reporters.JUnitXMLReporter -->
<testsuite hostname="idea-PC" ignored="0" name="Chromeest" tests="3" failures="0" timestamp="23 Apr 2020 10:51:31 GMT" time="243.195" errors="0">
  <testcase name="Login" time="96.202" classname="com.mercury.tours.Cross_Browser_ex"/>
  <testcase name="Login" time="51.366" classname="com.mercury.tours.Cross_Browser_ex"/>
  <testcase name="Login" time="90.244" classname="com.mercury.tours.Cross_Browser_ex"/>
</testsuite> <!-- Chromeest -->
